<?xml version="1.0" encoding="UTF-8" ?>
<testsuite failures="0" time="11.279" errors="2" skipped="0" tests="2" name="demo2.FireFoxDemo2Test">
  <properties>
    <property name="java.runtime.name" value="Java(TM) SE Runtime Environment"/>
    <property name="sun.boot.library.path" value="C:\Program Files\Java\jdk1.7.0_45\jre\bin"/>
    <property name="java.vm.version" value="24.45-b08"/>
    <property name="java.vm.vendor" value="Oracle Corporation"/>
    <property name="java.vendor.url" value="http://java.oracle.com/"/>
    <property name="path.separator" value=";"/>
    <property name="java.vm.name" value="Java HotSpot(TM) 64-Bit Server VM"/>
    <property name="file.encoding.pkg" value="sun.io"/>
    <property name="user.script" value=""/>
    <property name="user.country" value="RU"/>
    <property name="sun.java.launcher" value="SUN_STANDARD"/>
    <property name="sun.os.patch.level" value="Service Pack 1"/>
    <property name="java.vm.specification.name" value="Java Virtual Machine Specification"/>
    <property name="user.dir" value="C:\Users\пользователь 2\workspace\testDemo2"/>
    <property name="java.runtime.version" value="1.7.0_45-b18"/>
    <property name="java.awt.graphicsenv" value="sun.awt.Win32GraphicsEnvironment"/>
    <property name="basedir" value="C:\Users\пользователь 2\workspace\testDemo2"/>
    <property name="java.endorsed.dirs" value="C:\Program Files\Java\jdk1.7.0_45\jre\lib\endorsed"/>
    <property name="os.arch" value="amd64"/>
    <property name="surefire.real.class.path" value="C:\Users\пользователь 2\workspace\testDemo2\target\surefire\surefirebooter3769271453029196616.jar"/>
    <property name="java.io.tmpdir" value="C:\Users\228D8~1\AppData\Local\Temp\"/>
    <property name="line.separator" value="
"/>
    <property name="java.vm.specification.vendor" value="Oracle Corporation"/>
    <property name="user.variant" value=""/>
    <property name="os.name" value="Windows 7"/>
    <property name="sun.jnu.encoding" value="Cp1251"/>
    <property name="java.library.path" value="C:\Program Files\Java\jdk1.7.0_45\jre\bin;C:\Windows\Sun\Java\bin;C:\Windows\system32;C:\Windows;C:/Program Files (x86)/Java/jre7/bin/client;C:/Program Files (x86)/Java/jre7/bin;C:/Program Files (x86)/Java/jre7/lib/i386;C:\Windows\system32;C:\Windows;C:\Windows\System32\Wbem;C:\Windows\System32\WindowsPowerShell\v1.0\;C:\Program Files (x86)\Intel\OpenCL SDK\2.0\bin\x86;C:\Program Files (x86)\Intel\OpenCL SDK\2.0\bin\x64;C:\Program Files\Microsoft SQL Server\110\Tools\Binn\;C:\Program Files\Microsoft Windows Performance Toolkit\; C:\Program Files (x86)\Microsoft Visual Studio 11.0\VC\bin;C:\Program Files (x86)\Java\jre7\bin;C:\Program Files\jEdit;C:\strawberry\c\bin;C:\strawberry\perl\site\bin;C:\strawberry\perl\bin;C:\Program Files (x86)\Microsoft Visual Studio 10.0\VC\bin;C:\Users\пользователь 2\Documents\chrome driver;&quot;C:\Program Files (x86)\Google\Chrome\Application\chrome.exe;C:\Users\пользователь 2\Documents\iedriver&quot;;C:\Program Files\Calibre2\;C:\strawberry\perl\bin\perl.exe;C:\strawberry\c\bin\dmake.exe;C:\selenium-2.41.0\IEDriverServer2.39;C:\Program Files\maven/bin;C:\Program Files\Java\jdk1.7.0_45\bin;C:\Users\пользователь 2\Downloads\софт\eclipse-SDK-4.2.2-win32\eclipse;;."/>
    <property name="surefire.test.class.path" value="C:\Users\пользователь 2\workspace\testDemo2\target\test-classes;C:\Users\пользователь 2\workspace\testDemo2\target\classes;C:\Users\пользователь 2\.m2\repository\org\seleniumhq\selenium\selenium-java\2.41.0\selenium-java-2.41.0.jar;C:\Users\пользователь 2\.m2\repository\org\seleniumhq\selenium\selenium-chrome-driver\2.41.0\selenium-chrome-driver-2.41.0.jar;C:\Users\пользователь 2\.m2\repository\org\seleniumhq\selenium\selenium-htmlunit-driver\2.41.0\selenium-htmlunit-driver-2.41.0.jar;C:\Users\пользователь 2\.m2\repository\net\sourceforge\htmlunit\htmlunit\2.13\htmlunit-2.13.jar;C:\Users\пользователь 2\.m2\repository\xalan\xalan\2.7.1\xalan-2.7.1.jar;C:\Users\пользователь 2\.m2\repository\xalan\serializer\2.7.1\serializer-2.7.1.jar;C:\Users\пользователь 2\.m2\repository\commons-collections\commons-collections\3.2.1\commons-collections-3.2.1.jar;C:\Users\пользователь 2\.m2\repository\org\apache\commons\commons-lang3\3.1\commons-lang3-3.1.jar;C:\Users\пользователь 2\.m2\repository\org\apache\httpcomponents\httpmime\4.3.1\httpmime-4.3.1.jar;C:\Users\пользователь 2\.m2\repository\commons-codec\commons-codec\1.8\commons-codec-1.8.jar;C:\Users\пользователь 2\.m2\repository\net\sourceforge\htmlunit\htmlunit-core-js\2.13\htmlunit-core-js-2.13.jar;C:\Users\пользователь 2\.m2\repository\xerces\xercesImpl\2.11.0\xercesImpl-2.11.0.jar;C:\Users\пользователь 2\.m2\repository\net\sourceforge\nekohtml\nekohtml\1.9.19\nekohtml-1.9.19.jar;C:\Users\пользователь 2\.m2\repository\net\sourceforge\cssparser\cssparser\0.9.11\cssparser-0.9.11.jar;C:\Users\пользователь 2\.m2\repository\org\w3c\css\sac\1.3\sac-1.3.jar;C:\Users\пользователь 2\.m2\repository\org\eclipse\jetty\jetty-websocket\8.1.12.v20130726\jetty-websocket-8.1.12.v20130726.jar;C:\Users\пользователь 2\.m2\repository\org\eclipse\jetty\jetty-util\8.1.12.v20130726\jetty-util-8.1.12.v20130726.jar;C:\Users\пользователь 2\.m2\repository\org\eclipse\jetty\jetty-io\8.1.12.v20130726\jetty-io-8.1.12.v20130726.jar;C:\Users\пользователь 2\.m2\repository\org\eclipse\jetty\jetty-http\8.1.12.v20130726\jetty-http-8.1.12.v20130726.jar;C:\Users\пользователь 2\.m2\repository\org\apache\httpcomponents\httpclient\4.3.1\httpclient-4.3.1.jar;C:\Users\пользователь 2\.m2\repository\org\apache\httpcomponents\httpcore\4.3\httpcore-4.3.jar;C:\Users\пользователь 2\.m2\repository\org\seleniumhq\selenium\selenium-ie-driver\2.41.0\selenium-ie-driver-2.41.0.jar;C:\Users\пользователь 2\.m2\repository\net\java\dev\jna\jna\3.4.0\jna-3.4.0.jar;C:\Users\пользователь 2\.m2\repository\net\java\dev\jna\platform\3.4.0\platform-3.4.0.jar;C:\Users\пользователь 2\.m2\repository\org\seleniumhq\selenium\selenium-safari-driver\2.41.0\selenium-safari-driver-2.41.0.jar;C:\Users\пользователь 2\.m2\repository\org\seleniumhq\selenium\selenium-support\2.41.0\selenium-support-2.41.0.jar;C:\Users\пользователь 2\.m2\repository\org\seleniumhq\selenium\selenium-api\2.41.0\selenium-api-2.41.0.jar;C:\Users\пользователь 2\.m2\repository\org\webbitserver\webbit\0.4.14\webbit-0.4.14.jar;C:\Users\пользователь 2\.m2\repository\io\netty\netty\3.5.2.Final\netty-3.5.2.Final.jar;C:\Users\пользователь 2\.m2\repository\junit\junit\4.11\junit-4.11.jar;C:\Users\пользователь 2\.m2\repository\org\hamcrest\hamcrest-core\1.3\hamcrest-core-1.3.jar;C:\Users\пользователь 2\.m2\repository\org\seleniumhq\selenium\selenium-firefox-driver\2.41.0\selenium-firefox-driver-2.41.0.jar;C:\Users\пользователь 2\.m2\repository\org\seleniumhq\selenium\selenium-remote-driver\2.41.0\selenium-remote-driver-2.41.0.jar;C:\Users\пользователь 2\.m2\repository\cglib\cglib-nodep\2.1_3\cglib-nodep-2.1_3.jar;C:\Users\пользователь 2\.m2\repository\org\json\json\20080701\json-20080701.jar;C:\Users\пользователь 2\.m2\repository\com\google\guava\guava\15.0\guava-15.0.jar;C:\Users\пользователь 2\.m2\repository\commons-io\commons-io\2.2\commons-io-2.2.jar;C:\Users\пользователь 2\.m2\repository\org\apache\commons\commons-exec\1.1\commons-exec-1.1.jar;C:\Users\пользователь 2\.m2\repository\ru\yandex\qatools\properties\properties-loader\1.3\properties-loader-1.3.jar;C:\Users\пользователь 2\.m2\repository\commons-beanutils\commons-beanutils-core\1.8.3\commons-beanutils-core-1.8.3.jar;C:\Users\пользователь 2\.m2\repository\commons-logging\commons-logging\1.1.1\commons-logging-1.1.1.jar;C:\Users\пользователь 2\.m2\repository\ru\yandex\qatools\htmlelements\htmlelements-all\1.11\htmlelements-all-1.11.jar;C:\Users\пользователь 2\.m2\repository\ru\yandex\qatools\htmlelements\htmlelements-java\1.11\htmlelements-java-1.11.jar;C:\Users\пользователь 2\.m2\repository\commons-lang\commons-lang\2.3\commons-lang-2.3.jar;C:\Users\пользователь 2\.m2\repository\com\googlecode\lambdaj\lambdaj\2.3.3\lambdaj-2.3.3.jar;C:\Users\пользователь 2\.m2\repository\org\objenesis\objenesis\1.2\objenesis-1.2.jar;C:\Users\пользователь 2\.m2\repository\ru\yandex\qatools\htmlelements\htmlelements-thucydides\1.11\htmlelements-thucydides-1.11.jar;C:\Users\пользователь 2\.m2\repository\net\thucydides\thucydides-core\0.9.122\thucydides-core-0.9.122.jar;C:\Users\пользователь 2\.m2\repository\cglib\cglib\2.2.2\cglib-2.2.2.jar;C:\Users\пользователь 2\.m2\repository\com\opera\operadriver\0.17\operadriver-0.17.jar;C:\Users\пользователь 2\.m2\repository\com\opera\operalaunchers\1.1\operalaunchers-1.1.jar;C:\Users\пользователь 2\.m2\repository\com\google\protobuf\protobuf-java\2.4.1\protobuf-java-2.4.1.jar;C:\Users\пользователь 2\.m2\repository\commons-jxpath\commons-jxpath\1.3\commons-jxpath-1.3.jar;C:\Users\пользователь 2\.m2\repository\org\ini4j\ini4j\0.5.2\ini4j-0.5.2.jar;C:\Users\пользователь 2\.m2\repository\org\seleniumhq\selenium\selenium-server\2.32.0\selenium-server-2.32.0.jar;C:\Users\пользователь 2\.m2\repository\org\bouncycastle\bcprov-jdk15on\1.48\bcprov-jdk15on-1.48.jar;C:\Users\пользователь 2\.m2\repository\org\bouncycastle\bcpkix-jdk15on\1.48\bcpkix-jdk15on-1.48.jar;C:\Users\пользователь 2\.m2\repository\mx4j\mx4j-tools\3.0.1\mx4j-tools-3.0.1.jar;C:\Users\пользователь 2\.m2\repository\org\mortbay\jetty\servlet-api-2.5\6.1.9\servlet-api-2.5-6.1.9.jar;C:\Users\пользователь 2\.m2\repository\org\seleniumhq\selenium\jetty-repacked\7.6.1\jetty-repacked-7.6.1.jar;C:\Users\пользователь 2\.m2\repository\net\jcip\jcip-annotations\1.0\jcip-annotations-1.0.jar;C:\Users\пользователь 2\.m2\repository\org\yaml\snakeyaml\1.8\snakeyaml-1.8.jar;C:\Users\пользователь 2\.m2\repository\org\hamcrest\hamcrest-integration\1.3\hamcrest-integration-1.3.jar;C:\Users\пользователь 2\.m2\repository\org\hamcrest\hamcrest-library\1.3\hamcrest-library-1.3.jar;C:\Users\пользователь 2\.m2\repository\net\sf\opencsv\opencsv\2.0\opencsv-2.0.jar;C:\Users\пользователь 2\.m2\repository\joda-time\joda-time\2.0\joda-time-2.0.jar;C:\Users\пользователь 2\.m2\repository\com\thoughtworks\xstream\xstream\1.4.1\xstream-1.4.1.jar;C:\Users\пользователь 2\.m2\repository\xmlpull\xmlpull\1.1.3.1\xmlpull-1.1.3.1.jar;C:\Users\пользователь 2\.m2\repository\xpp3\xpp3_min\1.1.4c\xpp3_min-1.1.4c.jar;C:\Users\пользователь 2\.m2\repository\net\thucydides\thucydides-report-resources\0.9.122\thucydides-report-resources-0.9.122.jar;C:\Users\пользователь 2\.m2\repository\net\sf\flexjson\flexjson\2.1\flexjson-2.1.jar;C:\Users\пользователь 2\.m2\repository\org\freemarker\freemarker\2.3.19\freemarker-2.3.19.jar;C:\Users\пользователь 2\.m2\repository\net\sourceforge\jexcelapi\jxl\2.6.12\jxl-2.6.12.jar;C:\Users\пользователь 2\.m2\repository\log4j\log4j\1.2.14\log4j-1.2.14.jar;C:\Users\пользователь 2\.m2\repository\joda-time\joda-time-hibernate\1.3\joda-time-hibernate-1.3.jar;C:\Users\пользователь 2\.m2\repository\com\h2database\h2\1.3.160\h2-1.3.160.jar;C:\Users\пользователь 2\.m2\repository\asm\asm\3.3.1\asm-3.3.1.jar;C:\Users\пользователь 2\.m2\repository\org\hibernate\hibernate-entitymanager\3.5.4-Final\hibernate-entitymanager-3.5.4-Final.jar;C:\Users\пользователь 2\.m2\repository\org\hibernate\hibernate-core\3.5.4-Final\hibernate-core-3.5.4-Final.jar;C:\Users\пользователь 2\.m2\repository\antlr\antlr\2.7.6\antlr-2.7.6.jar;C:\Users\пользователь 2\.m2\repository\dom4j\dom4j\1.6.1\dom4j-1.6.1.jar;C:\Users\пользователь 2\.m2\repository\javax\transaction\jta\1.1\jta-1.1.jar;C:\Users\пользователь 2\.m2\repository\org\hibernate\hibernate-annotations\3.5.4-Final\hibernate-annotations-3.5.4-Final.jar;C:\Users\пользователь 2\.m2\repository\org\hibernate\hibernate-commons-annotations\3.2.0.Final\hibernate-commons-annotations-3.2.0.Final.jar;C:\Users\пользователь 2\.m2\repository\javassist\javassist\3.9.0.GA\javassist-3.9.0.GA.jar;C:\Users\пользователь 2\.m2\repository\org\hibernate\javax\persistence\hibernate-jpa-2.0-api\1.0.0.Final\hibernate-jpa-2.0-api-1.0.0.Final.jar;C:\Users\пользователь 2\.m2\repository\org\fluentlenium\fluentlenium-core\0.7.3\fluentlenium-core-0.7.3.jar;C:\Users\пользователь 2\.m2\repository\junit\junit-dep\4.8.2\junit-dep-4.8.2.jar;C:\Users\пользователь 2\.m2\repository\xml-apis\xml-apis\1.4.01\xml-apis-1.4.01.jar;C:\Users\пользователь 2\.m2\repository\com\jhlabs\filters\2.0.235\filters-2.0.235.jar;C:\Users\пользователь 2\.m2\repository\com\google\inject\guice\3.0\guice-3.0.jar;C:\Users\пользователь 2\.m2\repository\javax\inject\javax.inject\1\javax.inject-1.jar;C:\Users\пользователь 2\.m2\repository\aopalliance\aopalliance\1.0\aopalliance-1.0.jar;C:\Users\пользователь 2\.m2\repository\org\slf4j\slf4j-api\1.6.4\slf4j-api-1.6.4.jar;C:\Users\пользователь 2\.m2\repository\ru\yandex\qatools\htmlelements\htmlelements-matchers\1.11\htmlelements-matchers-1.11.jar;C:\Users\пользователь 2\.m2\repository\org\hamcrest\hamcrest-all\1.3\hamcrest-all-1.3.jar;"/>
    <property name="java.specification.name" value="Java Platform API Specification"/>
    <property name="java.class.version" value="51.0"/>
    <property name="sun.management.compiler" value="HotSpot 64-Bit Tiered Compilers"/>
    <property name="os.version" value="6.1"/>
    <property name="user.home" value="C:\Users\пользователь 2"/>
    <property name="user.timezone" value=""/>
    <property name="java.awt.printerjob" value="sun.awt.windows.WPrinterJob"/>
    <property name="java.specification.version" value="1.7"/>
    <property name="file.encoding" value="Cp1251"/>
    <property name="user.name" value="пользователь 2"/>
    <property name="java.class.path" value="C:\Users\пользователь 2\workspace\testDemo2\target\test-classes;C:\Users\пользователь 2\workspace\testDemo2\target\classes;C:\Users\пользователь 2\.m2\repository\org\seleniumhq\selenium\selenium-java\2.41.0\selenium-java-2.41.0.jar;C:\Users\пользователь 2\.m2\repository\org\seleniumhq\selenium\selenium-chrome-driver\2.41.0\selenium-chrome-driver-2.41.0.jar;C:\Users\пользователь 2\.m2\repository\org\seleniumhq\selenium\selenium-htmlunit-driver\2.41.0\selenium-htmlunit-driver-2.41.0.jar;C:\Users\пользователь 2\.m2\repository\net\sourceforge\htmlunit\htmlunit\2.13\htmlunit-2.13.jar;C:\Users\пользователь 2\.m2\repository\xalan\xalan\2.7.1\xalan-2.7.1.jar;C:\Users\пользователь 2\.m2\repository\xalan\serializer\2.7.1\serializer-2.7.1.jar;C:\Users\пользователь 2\.m2\repository\commons-collections\commons-collections\3.2.1\commons-collections-3.2.1.jar;C:\Users\пользователь 2\.m2\repository\org\apache\commons\commons-lang3\3.1\commons-lang3-3.1.jar;C:\Users\пользователь 2\.m2\repository\org\apache\httpcomponents\httpmime\4.3.1\httpmime-4.3.1.jar;C:\Users\пользователь 2\.m2\repository\commons-codec\commons-codec\1.8\commons-codec-1.8.jar;C:\Users\пользователь 2\.m2\repository\net\sourceforge\htmlunit\htmlunit-core-js\2.13\htmlunit-core-js-2.13.jar;C:\Users\пользователь 2\.m2\repository\xerces\xercesImpl\2.11.0\xercesImpl-2.11.0.jar;C:\Users\пользователь 2\.m2\repository\net\sourceforge\nekohtml\nekohtml\1.9.19\nekohtml-1.9.19.jar;C:\Users\пользователь 2\.m2\repository\net\sourceforge\cssparser\cssparser\0.9.11\cssparser-0.9.11.jar;C:\Users\пользователь 2\.m2\repository\org\w3c\css\sac\1.3\sac-1.3.jar;C:\Users\пользователь 2\.m2\repository\org\eclipse\jetty\jetty-websocket\8.1.12.v20130726\jetty-websocket-8.1.12.v20130726.jar;C:\Users\пользователь 2\.m2\repository\org\eclipse\jetty\jetty-util\8.1.12.v20130726\jetty-util-8.1.12.v20130726.jar;C:\Users\пользователь 2\.m2\repository\org\eclipse\jetty\jetty-io\8.1.12.v20130726\jetty-io-8.1.12.v20130726.jar;C:\Users\пользователь 2\.m2\repository\org\eclipse\jetty\jetty-http\8.1.12.v20130726\jetty-http-8.1.12.v20130726.jar;C:\Users\пользователь 2\.m2\repository\org\apache\httpcomponents\httpclient\4.3.1\httpclient-4.3.1.jar;C:\Users\пользователь 2\.m2\repository\org\apache\httpcomponents\httpcore\4.3\httpcore-4.3.jar;C:\Users\пользователь 2\.m2\repository\org\seleniumhq\selenium\selenium-ie-driver\2.41.0\selenium-ie-driver-2.41.0.jar;C:\Users\пользователь 2\.m2\repository\net\java\dev\jna\jna\3.4.0\jna-3.4.0.jar;C:\Users\пользователь 2\.m2\repository\net\java\dev\jna\platform\3.4.0\platform-3.4.0.jar;C:\Users\пользователь 2\.m2\repository\org\seleniumhq\selenium\selenium-safari-driver\2.41.0\selenium-safari-driver-2.41.0.jar;C:\Users\пользователь 2\.m2\repository\org\seleniumhq\selenium\selenium-support\2.41.0\selenium-support-2.41.0.jar;C:\Users\пользователь 2\.m2\repository\org\seleniumhq\selenium\selenium-api\2.41.0\selenium-api-2.41.0.jar;C:\Users\пользователь 2\.m2\repository\org\webbitserver\webbit\0.4.14\webbit-0.4.14.jar;C:\Users\пользователь 2\.m2\repository\io\netty\netty\3.5.2.Final\netty-3.5.2.Final.jar;C:\Users\пользователь 2\.m2\repository\junit\junit\4.11\junit-4.11.jar;C:\Users\пользователь 2\.m2\repository\org\hamcrest\hamcrest-core\1.3\hamcrest-core-1.3.jar;C:\Users\пользователь 2\.m2\repository\org\seleniumhq\selenium\selenium-firefox-driver\2.41.0\selenium-firefox-driver-2.41.0.jar;C:\Users\пользователь 2\.m2\repository\org\seleniumhq\selenium\selenium-remote-driver\2.41.0\selenium-remote-driver-2.41.0.jar;C:\Users\пользователь 2\.m2\repository\cglib\cglib-nodep\2.1_3\cglib-nodep-2.1_3.jar;C:\Users\пользователь 2\.m2\repository\org\json\json\20080701\json-20080701.jar;C:\Users\пользователь 2\.m2\repository\com\google\guava\guava\15.0\guava-15.0.jar;C:\Users\пользователь 2\.m2\repository\commons-io\commons-io\2.2\commons-io-2.2.jar;C:\Users\пользователь 2\.m2\repository\org\apache\commons\commons-exec\1.1\commons-exec-1.1.jar;C:\Users\пользователь 2\.m2\repository\ru\yandex\qatools\properties\properties-loader\1.3\properties-loader-1.3.jar;C:\Users\пользователь 2\.m2\repository\commons-beanutils\commons-beanutils-core\1.8.3\commons-beanutils-core-1.8.3.jar;C:\Users\пользователь 2\.m2\repository\commons-logging\commons-logging\1.1.1\commons-logging-1.1.1.jar;C:\Users\пользователь 2\.m2\repository\ru\yandex\qatools\htmlelements\htmlelements-all\1.11\htmlelements-all-1.11.jar;C:\Users\пользователь 2\.m2\repository\ru\yandex\qatools\htmlelements\htmlelements-java\1.11\htmlelements-java-1.11.jar;C:\Users\пользователь 2\.m2\repository\commons-lang\commons-lang\2.3\commons-lang-2.3.jar;C:\Users\пользователь 2\.m2\repository\com\googlecode\lambdaj\lambdaj\2.3.3\lambdaj-2.3.3.jar;C:\Users\пользователь 2\.m2\repository\org\objenesis\objenesis\1.2\objenesis-1.2.jar;C:\Users\пользователь 2\.m2\repository\ru\yandex\qatools\htmlelements\htmlelements-thucydides\1.11\htmlelements-thucydides-1.11.jar;C:\Users\пользователь 2\.m2\repository\net\thucydides\thucydides-core\0.9.122\thucydides-core-0.9.122.jar;C:\Users\пользователь 2\.m2\repository\cglib\cglib\2.2.2\cglib-2.2.2.jar;C:\Users\пользователь 2\.m2\repository\com\opera\operadriver\0.17\operadriver-0.17.jar;C:\Users\пользователь 2\.m2\repository\com\opera\operalaunchers\1.1\operalaunchers-1.1.jar;C:\Users\пользователь 2\.m2\repository\com\google\protobuf\protobuf-java\2.4.1\protobuf-java-2.4.1.jar;C:\Users\пользователь 2\.m2\repository\commons-jxpath\commons-jxpath\1.3\commons-jxpath-1.3.jar;C:\Users\пользователь 2\.m2\repository\org\ini4j\ini4j\0.5.2\ini4j-0.5.2.jar;C:\Users\пользователь 2\.m2\repository\org\seleniumhq\selenium\selenium-server\2.32.0\selenium-server-2.32.0.jar;C:\Users\пользователь 2\.m2\repository\org\bouncycastle\bcprov-jdk15on\1.48\bcprov-jdk15on-1.48.jar;C:\Users\пользователь 2\.m2\repository\org\bouncycastle\bcpkix-jdk15on\1.48\bcpkix-jdk15on-1.48.jar;C:\Users\пользователь 2\.m2\repository\mx4j\mx4j-tools\3.0.1\mx4j-tools-3.0.1.jar;C:\Users\пользователь 2\.m2\repository\org\mortbay\jetty\servlet-api-2.5\6.1.9\servlet-api-2.5-6.1.9.jar;C:\Users\пользователь 2\.m2\repository\org\seleniumhq\selenium\jetty-repacked\7.6.1\jetty-repacked-7.6.1.jar;C:\Users\пользователь 2\.m2\repository\net\jcip\jcip-annotations\1.0\jcip-annotations-1.0.jar;C:\Users\пользователь 2\.m2\repository\org\yaml\snakeyaml\1.8\snakeyaml-1.8.jar;C:\Users\пользователь 2\.m2\repository\org\hamcrest\hamcrest-integration\1.3\hamcrest-integration-1.3.jar;C:\Users\пользователь 2\.m2\repository\org\hamcrest\hamcrest-library\1.3\hamcrest-library-1.3.jar;C:\Users\пользователь 2\.m2\repository\net\sf\opencsv\opencsv\2.0\opencsv-2.0.jar;C:\Users\пользователь 2\.m2\repository\joda-time\joda-time\2.0\joda-time-2.0.jar;C:\Users\пользователь 2\.m2\repository\com\thoughtworks\xstream\xstream\1.4.1\xstream-1.4.1.jar;C:\Users\пользователь 2\.m2\repository\xmlpull\xmlpull\1.1.3.1\xmlpull-1.1.3.1.jar;C:\Users\пользователь 2\.m2\repository\xpp3\xpp3_min\1.1.4c\xpp3_min-1.1.4c.jar;C:\Users\пользователь 2\.m2\repository\net\thucydides\thucydides-report-resources\0.9.122\thucydides-report-resources-0.9.122.jar;C:\Users\пользователь 2\.m2\repository\net\sf\flexjson\flexjson\2.1\flexjson-2.1.jar;C:\Users\пользователь 2\.m2\repository\org\freemarker\freemarker\2.3.19\freemarker-2.3.19.jar;C:\Users\пользователь 2\.m2\repository\net\sourceforge\jexcelapi\jxl\2.6.12\jxl-2.6.12.jar;C:\Users\пользователь 2\.m2\repository\log4j\log4j\1.2.14\log4j-1.2.14.jar;C:\Users\пользователь 2\.m2\repository\joda-time\joda-time-hibernate\1.3\joda-time-hibernate-1.3.jar;C:\Users\пользователь 2\.m2\repository\com\h2database\h2\1.3.160\h2-1.3.160.jar;C:\Users\пользователь 2\.m2\repository\asm\asm\3.3.1\asm-3.3.1.jar;C:\Users\пользователь 2\.m2\repository\org\hibernate\hibernate-entitymanager\3.5.4-Final\hibernate-entitymanager-3.5.4-Final.jar;C:\Users\пользователь 2\.m2\repository\org\hibernate\hibernate-core\3.5.4-Final\hibernate-core-3.5.4-Final.jar;C:\Users\пользователь 2\.m2\repository\antlr\antlr\2.7.6\antlr-2.7.6.jar;C:\Users\пользователь 2\.m2\repository\dom4j\dom4j\1.6.1\dom4j-1.6.1.jar;C:\Users\пользователь 2\.m2\repository\javax\transaction\jta\1.1\jta-1.1.jar;C:\Users\пользователь 2\.m2\repository\org\hibernate\hibernate-annotations\3.5.4-Final\hibernate-annotations-3.5.4-Final.jar;C:\Users\пользователь 2\.m2\repository\org\hibernate\hibernate-commons-annotations\3.2.0.Final\hibernate-commons-annotations-3.2.0.Final.jar;C:\Users\пользователь 2\.m2\repository\javassist\javassist\3.9.0.GA\javassist-3.9.0.GA.jar;C:\Users\пользователь 2\.m2\repository\org\hibernate\javax\persistence\hibernate-jpa-2.0-api\1.0.0.Final\hibernate-jpa-2.0-api-1.0.0.Final.jar;C:\Users\пользователь 2\.m2\repository\org\fluentlenium\fluentlenium-core\0.7.3\fluentlenium-core-0.7.3.jar;C:\Users\пользователь 2\.m2\repository\junit\junit-dep\4.8.2\junit-dep-4.8.2.jar;C:\Users\пользователь 2\.m2\repository\xml-apis\xml-apis\1.4.01\xml-apis-1.4.01.jar;C:\Users\пользователь 2\.m2\repository\com\jhlabs\filters\2.0.235\filters-2.0.235.jar;C:\Users\пользователь 2\.m2\repository\com\google\inject\guice\3.0\guice-3.0.jar;C:\Users\пользователь 2\.m2\repository\javax\inject\javax.inject\1\javax.inject-1.jar;C:\Users\пользователь 2\.m2\repository\aopalliance\aopalliance\1.0\aopalliance-1.0.jar;C:\Users\пользователь 2\.m2\repository\org\slf4j\slf4j-api\1.6.4\slf4j-api-1.6.4.jar;C:\Users\пользователь 2\.m2\repository\ru\yandex\qatools\htmlelements\htmlelements-matchers\1.11\htmlelements-matchers-1.11.jar;C:\Users\пользователь 2\.m2\repository\org\hamcrest\hamcrest-all\1.3\hamcrest-all-1.3.jar;"/>
    <property name="java.vm.specification.version" value="1.7"/>
    <property name="sun.arch.data.model" value="64"/>
    <property name="java.home" value="C:\Program Files\Java\jdk1.7.0_45\jre"/>
    <property name="sun.java.command" value="C:\Users\пользователь 2\workspace\testDemo2\target\surefire\surefirebooter3769271453029196616.jar C:\Users\пользователь 2\workspace\testDemo2\target\surefire\surefire3535376237712502004tmp C:\Users\пользователь 2\workspace\testDemo2\target\surefire\surefire4353717902084926403tmp"/>
    <property name="java.specification.vendor" value="Oracle Corporation"/>
    <property name="user.language" value="ru"/>
    <property name="awt.toolkit" value="sun.awt.windows.WToolkit"/>
    <property name="java.vm.info" value="mixed mode"/>
    <property name="java.version" value="1.7.0_45"/>
    <property name="java.ext.dirs" value="C:\Program Files\Java\jdk1.7.0_45\jre\lib\ext;C:\Windows\Sun\Java\lib\ext"/>
    <property name="sun.boot.class.path" value="C:\Program Files\Java\jdk1.7.0_45\jre\lib\resources.jar;C:\Program Files\Java\jdk1.7.0_45\jre\lib\rt.jar;C:\Program Files\Java\jdk1.7.0_45\jre\lib\sunrsasign.jar;C:\Program Files\Java\jdk1.7.0_45\jre\lib\jsse.jar;C:\Program Files\Java\jdk1.7.0_45\jre\lib\jce.jar;C:\Program Files\Java\jdk1.7.0_45\jre\lib\charsets.jar;C:\Program Files\Java\jdk1.7.0_45\jre\lib\jfr.jar;C:\Program Files\Java\jdk1.7.0_45\jre\classes"/>
    <property name="java.vendor" value="Oracle Corporation"/>
    <property name="localRepository" value="C:\Users\пользователь 2\.m2\repository"/>
    <property name="file.separator" value="\"/>
    <property name="java.vendor.url.bug" value="http://bugreport.sun.com/bugreport/"/>
    <property name="sun.cpu.endian" value="little"/>
    <property name="sun.io.unicode.encoding" value="UnicodeLittle"/>
    <property name="sun.desktop" value="windows"/>
    <property name="sun.cpu.isalist" value="amd64"/>
  </properties>
  <testcase time="11.232" classname="demo2.FireFoxDemo2Test" name="testFireFox">
    <error message="Error communicating with the remote browser. It may have died.
Build info: version: &apos;2.41.0&apos;, revision: &apos;3192d8a6c4449dc285928ba024779344f5423c58&apos;, time: &apos;2014-03-27 11:29:39&apos;
System info: host: &apos;пользователь2&apos;, ip: &apos;11.12.11.25&apos;, os.name: &apos;Windows 7&apos;, os.arch: &apos;amd64&apos;, os.version: &apos;6.1&apos;, java.version: &apos;1.7.0_45&apos;
Driver info: driver.version: RemoteWebDriver" type="org.openqa.selenium.remote.UnreachableBrowserException">org.openqa.selenium.remote.UnreachableBrowserException: Error communicating with the remote browser. It may have died.
Build info: version: &apos;2.41.0&apos;, revision: &apos;3192d8a6c4449dc285928ba024779344f5423c58&apos;, time: &apos;2014-03-27 11:29:39&apos;
System info: host: &apos;пользователь2&apos;, ip: &apos;11.12.11.25&apos;, os.name: &apos;Windows 7&apos;, os.arch: &apos;amd64&apos;, os.version: &apos;6.1&apos;, java.version: &apos;1.7.0_45&apos;
Driver info: driver.version: RemoteWebDriver
	at org.openqa.selenium.remote.RemoteWebDriver.execute(RemoteWebDriver.java:589)
	at org.openqa.selenium.remote.RemoteWebDriver.get(RemoteWebDriver.java:300)
	at demo2.FireFoxDemo2Test.testFireFox(FireFoxDemo2Test.java:70)
	at sun.reflect.NativeMethodAccessorImpl.invoke0(Native Method)
	at sun.reflect.NativeMethodAccessorImpl.invoke(NativeMethodAccessorImpl.java:57)
	at sun.reflect.DelegatingMethodAccessorImpl.invoke(DelegatingMethodAccessorImpl.java:43)
	at java.lang.reflect.Method.invoke(Method.java:606)
	at org.junit.runners.model.FrameworkMethod$1.runReflectiveCall(FrameworkMethod.java:47)
	at org.junit.internal.runners.model.ReflectiveCallable.run(ReflectiveCallable.java:12)
	at org.junit.runners.model.FrameworkMethod.invokeExplosively(FrameworkMethod.java:44)
	at org.junit.internal.runners.statements.InvokeMethod.evaluate(InvokeMethod.java:17)
	at org.junit.internal.runners.statements.RunBefores.evaluate(RunBefores.java:26)
	at org.junit.internal.runners.statements.RunAfters.evaluate(RunAfters.java:27)
	at org.junit.runners.ParentRunner.runLeaf(ParentRunner.java:271)
	at org.junit.runners.BlockJUnit4ClassRunner.runChild(BlockJUnit4ClassRunner.java:70)
	at org.junit.runners.BlockJUnit4ClassRunner.runChild(BlockJUnit4ClassRunner.java:50)
	at org.junit.runners.ParentRunner$3.run(ParentRunner.java:238)
	at org.junit.runners.ParentRunner$1.schedule(ParentRunner.java:63)
	at org.junit.runners.ParentRunner.runChildren(ParentRunner.java:236)
	at org.junit.runners.ParentRunner.access$000(ParentRunner.java:53)
	at org.junit.runners.ParentRunner$2.evaluate(ParentRunner.java:229)
	at org.junit.runners.ParentRunner.run(ParentRunner.java:309)
	at org.apache.maven.surefire.junit4.JUnit4TestSet.execute(JUnit4TestSet.java:53)
	at org.apache.maven.surefire.junit4.JUnit4Provider.executeTestSet(JUnit4Provider.java:119)
	at org.apache.maven.surefire.junit4.JUnit4Provider.invoke(JUnit4Provider.java:101)
	at sun.reflect.NativeMethodAccessorImpl.invoke0(Native Method)
	at sun.reflect.NativeMethodAccessorImpl.invoke(NativeMethodAccessorImpl.java:57)
	at sun.reflect.DelegatingMethodAccessorImpl.invoke(DelegatingMethodAccessorImpl.java:43)
	at java.lang.reflect.Method.invoke(Method.java:606)
	at org.apache.maven.surefire.booter.ProviderFactory$ClassLoaderProxy.invoke(ProviderFactory.java:103)
	at com.sun.proxy.$Proxy0.invoke(Unknown Source)
	at org.apache.maven.surefire.booter.SurefireStarter.invokeProvider(SurefireStarter.java:150)
	at org.apache.maven.surefire.booter.SurefireStarter.runSuitesInProcess(SurefireStarter.java:91)
	at org.apache.maven.surefire.booter.ForkedBooter.main(ForkedBooter.java:69)
Caused by: java.net.ConnectException: Connection refused: connect
	at java.net.DualStackPlainSocketImpl.waitForConnect(Native Method)
	at java.net.DualStackPlainSocketImpl.socketConnect(DualStackPlainSocketImpl.java:85)
	at java.net.AbstractPlainSocketImpl.doConnect(AbstractPlainSocketImpl.java:339)
	at java.net.AbstractPlainSocketImpl.connectToAddress(AbstractPlainSocketImpl.java:200)
	at java.net.AbstractPlainSocketImpl.connect(AbstractPlainSocketImpl.java:182)
	at java.net.PlainSocketImpl.connect(PlainSocketImpl.java:172)
	at java.net.SocksSocketImpl.connect(SocksSocketImpl.java:392)
	at java.net.Socket.connect(Socket.java:579)
	at org.apache.http.conn.scheme.PlainSocketFactory.connectSocket(PlainSocketFactory.java:117)
	at org.apache.http.impl.conn.DefaultClientConnectionOperator.openConnection(DefaultClientConnectionOperator.java:178)
	at org.apache.http.impl.conn.AbstractPoolEntry.open(AbstractPoolEntry.java:144)
	at org.apache.http.impl.conn.AbstractPooledConnAdapter.open(AbstractPooledConnAdapter.java:131)
	at org.apache.http.impl.client.DefaultRequestDirector.tryConnect(DefaultRequestDirector.java:610)
	at org.apache.http.impl.client.DefaultRequestDirector.execute(DefaultRequestDirector.java:445)
	at org.apache.http.impl.client.AbstractHttpClient.doExecute(AbstractHttpClient.java:863)
	at org.apache.http.impl.client.CloseableHttpClient.execute(CloseableHttpClient.java:72)
	at org.apache.http.impl.client.CloseableHttpClient.execute(CloseableHttpClient.java:57)
	at org.openqa.selenium.remote.HttpCommandExecutor.fallBackExecute(HttpCommandExecutor.java:340)
	at org.openqa.selenium.remote.HttpCommandExecutor.execute(HttpCommandExecutor.java:301)
	at org.openqa.selenium.firefox.internal.NewProfileExtensionConnection.execute(NewProfileExtensionConnection.java:165)
	at org.openqa.selenium.firefox.FirefoxDriver$LazyCommandExecutor.execute(FirefoxDriver.java:362)
	at org.openqa.selenium.remote.RemoteWebDriver.execute(RemoteWebDriver.java:568)
	... 33 more
</error>
  </testcase>
  <testcase time="11.236" classname="demo2.FireFoxDemo2Test" name="testFireFox">
    <error message="Error communicating with the remote browser. It may have died.
Build info: version: &apos;2.41.0&apos;, revision: &apos;3192d8a6c4449dc285928ba024779344f5423c58&apos;, time: &apos;2014-03-27 11:29:39&apos;
System info: host: &apos;пользователь2&apos;, ip: &apos;11.12.11.25&apos;, os.name: &apos;Windows 7&apos;, os.arch: &apos;amd64&apos;, os.version: &apos;6.1&apos;, java.version: &apos;1.7.0_45&apos;
Driver info: driver.version: RemoteWebDriver" type="org.openqa.selenium.remote.UnreachableBrowserException">org.openqa.selenium.remote.UnreachableBrowserException: Error communicating with the remote browser. It may have died.
Build info: version: &apos;2.41.0&apos;, revision: &apos;3192d8a6c4449dc285928ba024779344f5423c58&apos;, time: &apos;2014-03-27 11:29:39&apos;
System info: host: &apos;пользователь2&apos;, ip: &apos;11.12.11.25&apos;, os.name: &apos;Windows 7&apos;, os.arch: &apos;amd64&apos;, os.version: &apos;6.1&apos;, java.version: &apos;1.7.0_45&apos;
Driver info: driver.version: RemoteWebDriver
	at org.openqa.selenium.remote.RemoteWebDriver.execute(RemoteWebDriver.java:589)
	at org.openqa.selenium.remote.RemoteWebDriver.execute(RemoteWebDriver.java:610)
	at org.openqa.selenium.remote.RemoteWebDriver.quit(RemoteWebDriver.java:464)
	at demo2.FireFoxDemo2Test.tearDown(FireFoxDemo2Test.java:94)
	at sun.reflect.NativeMethodAccessorImpl.invoke0(Native Method)
	at sun.reflect.NativeMethodAccessorImpl.invoke(NativeMethodAccessorImpl.java:57)
	at sun.reflect.DelegatingMethodAccessorImpl.invoke(DelegatingMethodAccessorImpl.java:43)
	at java.lang.reflect.Method.invoke(Method.java:606)
	at org.junit.runners.model.FrameworkMethod$1.runReflectiveCall(FrameworkMethod.java:47)
	at org.junit.internal.runners.model.ReflectiveCallable.run(ReflectiveCallable.java:12)
	at org.junit.runners.model.FrameworkMethod.invokeExplosively(FrameworkMethod.java:44)
	at org.junit.internal.runners.statements.RunAfters.evaluate(RunAfters.java:33)
	at org.junit.runners.ParentRunner.runLeaf(ParentRunner.java:271)
	at org.junit.runners.BlockJUnit4ClassRunner.runChild(BlockJUnit4ClassRunner.java:70)
	at org.junit.runners.BlockJUnit4ClassRunner.runChild(BlockJUnit4ClassRunner.java:50)
	at org.junit.runners.ParentRunner$3.run(ParentRunner.java:238)
	at org.junit.runners.ParentRunner$1.schedule(ParentRunner.java:63)
	at org.junit.runners.ParentRunner.runChildren(ParentRunner.java:236)
	at org.junit.runners.ParentRunner.access$000(ParentRunner.java:53)
	at org.junit.runners.ParentRunner$2.evaluate(ParentRunner.java:229)
	at org.junit.runners.ParentRunner.run(ParentRunner.java:309)
	at org.apache.maven.surefire.junit4.JUnit4TestSet.execute(JUnit4TestSet.java:53)
	at org.apache.maven.surefire.junit4.JUnit4Provider.executeTestSet(JUnit4Provider.java:119)
	at org.apache.maven.surefire.junit4.JUnit4Provider.invoke(JUnit4Provider.java:101)
	at sun.reflect.NativeMethodAccessorImpl.invoke0(Native Method)
	at sun.reflect.NativeMethodAccessorImpl.invoke(NativeMethodAccessorImpl.java:57)
	at sun.reflect.DelegatingMethodAccessorImpl.invoke(DelegatingMethodAccessorImpl.java:43)
	at java.lang.reflect.Method.invoke(Method.java:606)
	at org.apache.maven.surefire.booter.ProviderFactory$ClassLoaderProxy.invoke(ProviderFactory.java:103)
	at com.sun.proxy.$Proxy0.invoke(Unknown Source)
	at org.apache.maven.surefire.booter.SurefireStarter.invokeProvider(SurefireStarter.java:150)
	at org.apache.maven.surefire.booter.SurefireStarter.runSuitesInProcess(SurefireStarter.java:91)
	at org.apache.maven.surefire.booter.ForkedBooter.main(ForkedBooter.java:69)
Caused by: java.net.ConnectException: Connection refused: connect
	at java.net.DualStackPlainSocketImpl.waitForConnect(Native Method)
	at java.net.DualStackPlainSocketImpl.socketConnect(DualStackPlainSocketImpl.java:85)
	at java.net.AbstractPlainSocketImpl.doConnect(AbstractPlainSocketImpl.java:339)
	at java.net.AbstractPlainSocketImpl.connectToAddress(AbstractPlainSocketImpl.java:200)
	at java.net.AbstractPlainSocketImpl.connect(AbstractPlainSocketImpl.java:182)
	at java.net.PlainSocketImpl.connect(PlainSocketImpl.java:172)
	at java.net.SocksSocketImpl.connect(SocksSocketImpl.java:392)
	at java.net.Socket.connect(Socket.java:579)
	at org.apache.http.conn.scheme.PlainSocketFactory.connectSocket(PlainSocketFactory.java:117)
	at org.apache.http.impl.conn.DefaultClientConnectionOperator.openConnection(DefaultClientConnectionOperator.java:178)
	at org.apache.http.impl.conn.AbstractPoolEntry.open(AbstractPoolEntry.java:144)
	at org.apache.http.impl.conn.AbstractPooledConnAdapter.open(AbstractPooledConnAdapter.java:131)
	at org.apache.http.impl.client.DefaultRequestDirector.tryConnect(DefaultRequestDirector.java:610)
	at org.apache.http.impl.client.DefaultRequestDirector.execute(DefaultRequestDirector.java:445)
	at org.apache.http.impl.client.AbstractHttpClient.doExecute(AbstractHttpClient.java:863)
	at org.apache.http.impl.client.CloseableHttpClient.execute(CloseableHttpClient.java:72)
	at org.apache.http.impl.client.CloseableHttpClient.execute(CloseableHttpClient.java:57)
	at org.openqa.selenium.remote.HttpCommandExecutor.fallBackExecute(HttpCommandExecutor.java:322)
	at org.openqa.selenium.remote.HttpCommandExecutor.execute(HttpCommandExecutor.java:301)
	at org.openqa.selenium.firefox.internal.NewProfileExtensionConnection.execute(NewProfileExtensionConnection.java:165)
	at org.openqa.selenium.firefox.FirefoxDriver$LazyCommandExecutor.execute(FirefoxDriver.java:362)
	at org.openqa.selenium.remote.RemoteWebDriver.execute(RemoteWebDriver.java:568)
	... 32 more
</error>
  </testcase>
</testsuite>